{"/home/michael/OdinProjectRepos/odin-battleship/src/gameboard.js": {"path":"/home/michael/OdinProjectRepos/odin-battleship/src/gameboard.js","statementMap":{"0":{"start":{"line":3,"column":4},"end":{"line":3,"column":21}},"1":{"start":{"line":4,"column":4},"end":{"line":4,"column":21}},"2":{"start":{"line":5,"column":4},"end":{"line":5,"column":40}},"3":{"start":{"line":6,"column":4},"end":{"line":6,"column":20}},"4":{"start":{"line":7,"column":4},"end":{"line":7,"column":19}},"5":{"start":{"line":10,"column":20},"end":{"line":10,"column":22}},"6":{"start":{"line":11,"column":4},"end":{"line":16,"column":5}},"7":{"start":{"line":11,"column":17},"end":{"line":11,"column":18}},"8":{"start":{"line":12,"column":6},"end":{"line":12,"column":24}},"9":{"start":{"line":13,"column":6},"end":{"line":15,"column":7}},"10":{"start":{"line":13,"column":19},"end":{"line":13,"column":20}},"11":{"start":{"line":14,"column":8},"end":{"line":14,"column":31}},"12":{"start":{"line":17,"column":4},"end":{"line":17,"column":21}},"13":{"start":{"line":21,"column":4},"end":{"line":30,"column":5}},"14":{"start":{"line":22,"column":6},"end":{"line":28,"column":7}},"15":{"start":{"line":22,"column":19},"end":{"line":22,"column":20}},"16":{"start":{"line":23,"column":8},"end":{"line":27,"column":9}},"17":{"start":{"line":24,"column":10},"end":{"line":24,"column":52}},"18":{"start":{"line":26,"column":10},"end":{"line":26,"column":52}},"19":{"start":{"line":29,"column":6},"end":{"line":29,"column":18}},"20":{"start":{"line":31,"column":4},"end":{"line":31,"column":17}},"21":{"start":{"line":35,"column":4},"end":{"line":45,"column":5}},"22":{"start":{"line":35,"column":17},"end":{"line":35,"column":18}},"23":{"start":{"line":36,"column":18},"end":{"line":36,"column":72}},"24":{"start":{"line":37,"column":18},"end":{"line":37,"column":72}},"25":{"start":{"line":38,"column":6},"end":{"line":44,"column":7}},"26":{"start":{"line":43,"column":8},"end":{"line":43,"column":21}},"27":{"start":{"line":46,"column":4},"end":{"line":46,"column":16}},"28":{"start":{"line":53,"column":0},"end":{"line":53,"column":27}}},"fnMap":{"0":{"name":"(anonymous_0)","decl":{"start":{"line":2,"column":2},"end":{"line":2,"column":3}},"loc":{"start":{"line":2,"column":26},"end":{"line":8,"column":3}},"line":2},"1":{"name":"(anonymous_1)","decl":{"start":{"line":9,"column":2},"end":{"line":9,"column":3}},"loc":{"start":{"line":9,"column":20},"end":{"line":18,"column":3}},"line":9},"2":{"name":"(anonymous_2)","decl":{"start":{"line":20,"column":2},"end":{"line":20,"column":3}},"loc":{"start":{"line":20,"column":51},"end":{"line":32,"column":3}},"line":20},"3":{"name":"(anonymous_3)","decl":{"start":{"line":34,"column":2},"end":{"line":34,"column":3}},"loc":{"start":{"line":34,"column":54},"end":{"line":47,"column":3}},"line":34},"4":{"name":"(anonymous_4)","decl":{"start":{"line":49,"column":2},"end":{"line":49,"column":3}},"loc":{"start":{"line":49,"column":28},"end":{"line":49,"column":30}},"line":49}},"branchMap":{"0":{"loc":{"start":{"line":21,"column":4},"end":{"line":30,"column":5}},"type":"if","locations":[{"start":{"line":21,"column":4},"end":{"line":30,"column":5}},{"start":{},"end":{}}],"line":21},"1":{"loc":{"start":{"line":23,"column":8},"end":{"line":27,"column":9}},"type":"if","locations":[{"start":{"line":23,"column":8},"end":{"line":27,"column":9}},{"start":{"line":25,"column":15},"end":{"line":27,"column":9}}],"line":23},"2":{"loc":{"start":{"line":36,"column":18},"end":{"line":36,"column":72}},"type":"cond-expr","locations":[{"start":{"line":36,"column":49},"end":{"line":36,"column":57}},{"start":{"line":36,"column":60},"end":{"line":36,"column":72}}],"line":36},"3":{"loc":{"start":{"line":37,"column":18},"end":{"line":37,"column":72}},"type":"cond-expr","locations":[{"start":{"line":37,"column":49},"end":{"line":37,"column":61}},{"start":{"line":37,"column":64},"end":{"line":37,"column":72}}],"line":37},"4":{"loc":{"start":{"line":38,"column":6},"end":{"line":44,"column":7}},"type":"if","locations":[{"start":{"line":38,"column":6},"end":{"line":44,"column":7}},{"start":{},"end":{}}],"line":38},"5":{"loc":{"start":{"line":39,"column":8},"end":{"line":41,"column":37}},"type":"binary-expr","locations":[{"start":{"line":39,"column":8},"end":{"line":39,"column":24}},{"start":{"line":40,"column":8},"end":{"line":40,"column":24}},{"start":{"line":41,"column":8},"end":{"line":41,"column":37}}],"line":39}},"s":{"0":1,"1":1,"2":1,"3":1,"4":1,"5":1,"6":1,"7":1,"8":0,"9":0,"10":0,"11":0,"12":1,"13":1,"14":1,"15":1,"16":0,"17":0,"18":0,"19":1,"20":0,"21":1,"22":1,"23":0,"24":0,"25":0,"26":0,"27":1,"28":1},"f":{"0":1,"1":1,"2":1,"3":1,"4":0},"b":{"0":[1,0],"1":[0,0],"2":[0,0],"3":[0,0],"4":[0,0],"5":[0,0,0]},"_coverageSchema":"1a1c01bbd47fc00a2c39e90264f33305004495a9","hash":"824747cc3e40c0d7fdde0db65f091a1e559c50ee"}
,"/home/michael/OdinProjectRepos/odin-battleship/src/ship.js": {"path":"/home/michael/OdinProjectRepos/odin-battleship/src/ship.js","statementMap":{"0":{"start":{"line":3,"column":8},"end":{"line":3,"column":29}},"1":{"start":{"line":4,"column":8},"end":{"line":4,"column":22}},"2":{"start":{"line":7,"column":8},"end":{"line":7,"column":20}},"3":{"start":{"line":10,"column":8},"end":{"line":10,"column":40}},"4":{"start":{"line":14,"column":0},"end":{"line":14,"column":22}}},"fnMap":{"0":{"name":"(anonymous_0)","decl":{"start":{"line":2,"column":4},"end":{"line":2,"column":5}},"loc":{"start":{"line":2,"column":24},"end":{"line":5,"column":5}},"line":2},"1":{"name":"(anonymous_1)","decl":{"start":{"line":6,"column":4},"end":{"line":6,"column":5}},"loc":{"start":{"line":6,"column":10},"end":{"line":8,"column":5}},"line":6},"2":{"name":"(anonymous_2)","decl":{"start":{"line":9,"column":4},"end":{"line":9,"column":5}},"loc":{"start":{"line":9,"column":13},"end":{"line":11,"column":5}},"line":9}},"branchMap":{},"s":{"0":4,"1":4,"2":6,"3":2,"4":1},"f":{"0":4,"1":6,"2":2},"b":{},"_coverageSchema":"1a1c01bbd47fc00a2c39e90264f33305004495a9","hash":"75cfe86120b9c606a708fafa170e9c6cefd8c0a8"}
}
